<?xml version="1.0" encoding="UTF-8"?>
<testng-results skipped="0" failed="0" ignored="0" total="1" passed="1">
  <reporter-output>
  </reporter-output>
  <suite name="Default suite" duration-ms="10552" started-at="2017-12-21T00:51:46Z" finished-at="2017-12-21T00:51:56Z">
    <groups>
    </groups>
    <test name="Default test" duration-ms="10552" started-at="2017-12-21T00:51:46Z" finished-at="2017-12-21T00:51:56Z">
      <class name="selenium.SelectValue">
        <test-method status="PASS" signature="selectFromDD()[pri:0, instance:selenium.SelectValue@26f7cdf8]" name="selectFromDD" duration-ms="10502" started-at="2017-12-20T19:51:46Z" finished-at="2017-12-20T19:51:56Z">
          <reporter-output>
          </reporter-output>
        </test-method> <!-- selectFromDD -->
      </class> <!-- selenium.SelectValue -->
    </test> <!-- Default test -->
  </suite> <!-- Default suite -->
</testng-results>
